nohup: ignoring input
/root/miniconda3/envs/dcase2024/lib/python3.8/site-packages/torchvision/datapoints/__init__.py:12: UserWarning: The torchvision.datapoints and torchvision.transforms.v2 namespaces are still Beta. While we do not expect major breaking changes, some APIs may still change according to user feedback. Please submit any feedback you may have in this issue: https://github.com/pytorch/vision/issues/6753, and you can also check out https://github.com/pytorch/vision/issues/7319 to learn more about the APIs that we suspect might involve future changes. You can silence this warning by calling torchvision.disable_beta_transforms_warning().
  warnings.warn(_BETA_TRANSFORMS_WARNING)
/root/miniconda3/envs/dcase2024/lib/python3.8/site-packages/torchvision/transforms/v2/__init__.py:54: UserWarning: The torchvision.datapoints and torchvision.transforms.v2 namespaces are still Beta. While we do not expect major breaking changes, some APIs may still change according to user feedback. Please submit any feedback you may have in this issue: https://github.com/pytorch/vision/issues/6753, and you can also check out https://github.com/pytorch/vision/issues/7319 to learn more about the APIs that we suspect might involve future changes. You can silence this warning by calling torchvision.disable_beta_transforms_warning().
  warnings.warn(_BETA_TRANSFORMS_WARNING)
/root/miniconda3/envs/dcase2024/lib/python3.8/site-packages/torch/functional.py:504: UserWarning: torch.meshgrid: in an upcoming release, it will be required to pass the indexing argument. (Triggered internally at ../aten/src/ATen/native/TensorShape.cpp:3483.)
  return _VF.meshgrid(tensors, **kwargs)  # type: ignore[attr-defined]
/root/miniconda3/envs/dcase2024/lib/python3.8/site-packages/torch/_utils.py:776: UserWarning: TypedStorage is deprecated. It will be removed in the future and UntypedStorage will be the only storage class. This should only matter to you if you are using storages directly.  To access UntypedStorage directly, use tensor.untyped_storage() instead of tensor.storage()
  return self.fget.__get__(instance, owner)()
*********************
(286, 156, 128)
	/root/autodl-fs/dataset/MAESTRO_Real/development/atst_emb_concat/merged_mbe_fold1.npz
	train (286, 156, 128) val (132, 156, 128)
*********************
(297, 156, 128)
	/root/autodl-fs/dataset/MAESTRO_Real/development/atst_emb_concat/merged_mbe_fold2.npz
	train (297, 156, 128) val (132, 156, 128)
*********************
(297, 156, 128)
	/root/autodl-fs/dataset/MAESTRO_Real/development/atst_emb_concat/merged_mbe_fold3.npz
	train (297, 156, 128) val (132, 156, 128)
*********************
(297, 156, 128)
	/root/autodl-fs/dataset/MAESTRO_Real/development/atst_emb_concat/merged_mbe_fold4.npz
	train (297, 156, 128) val (132, 156, 128)
*********************
(308, 156, 128)
	/root/autodl-fs/dataset/MAESTRO_Real/development/atst_emb_concat/merged_mbe_fold5.npz
	train (308, 156, 128) val (143, 156, 128)
