nohup: ignoring input
Learning rate 0.001 - sequence length 200 - batch_size 16

Create model:
/root/miniconda3/envs/dcase2024/lib/python3.8/site-packages/torchvision/datapoints/__init__.py:12: UserWarning: The torchvision.datapoints and torchvision.transforms.v2 namespaces are still Beta. While we do not expect major breaking changes, some APIs may still change according to user feedback. Please submit any feedback you may have in this issue: https://github.com/pytorch/vision/issues/6753, and you can also check out https://github.com/pytorch/vision/issues/7319 to learn more about the APIs that we suspect might involve future changes. You can silence this warning by calling torchvision.disable_beta_transforms_warning().
  warnings.warn(_BETA_TRANSFORMS_WARNING)
/root/miniconda3/envs/dcase2024/lib/python3.8/site-packages/torchvision/transforms/v2/__init__.py:54: UserWarning: The torchvision.datapoints and torchvision.transforms.v2 namespaces are still Beta. While we do not expect major breaking changes, some APIs may still change according to user feedback. Please submit any feedback you may have in this issue: https://github.com/pytorch/vision/issues/6753, and you can also check out https://github.com/pytorch/vision/issues/7319 to learn more about the APIs that we suspect might involve future changes. You can silence this warning by calling torchvision.disable_beta_transforms_warning().
  warnings.warn(_BETA_TRANSFORMS_WARNING)
/root/miniconda3/envs/dcase2024/lib/python3.8/site-packages/torch/functional.py:504: UserWarning: torch.meshgrid: in an upcoming release, it will be required to pass the indexing argument. (Triggered internally at ../aten/src/ATen/native/TensorShape.cpp:3483.)
  return _VF.meshgrid(tensors, **kwargs)  # type: ignore[attr-defined]
/root/miniconda3/envs/dcase2024/lib/python3.8/site-packages/torch/_utils.py:776: UserWarning: TypedStorage is deprecated. It will be removed in the future and UntypedStorage will be the only storage class. This should only matter to you if you are using storages directly.  To access UntypedStorage directly, use tensor.untyped_storage() instead of tensor.storage()
  return self.fget.__get__(instance, owner)()
  Class-wise metrics
  ======================================
    Event label  | Nref    Nsys  | F        Pre      Rec    | ER       Del      Ins    | Sens     Spec     Bacc     Acc     
    ------------ | -----   ----- | ------   ------   ------ | ------   ------   ------ | ------   ------   ------   ------  
    birds_sing.. | 188     0     | nan%     nan%     0.0%   | 1.00     1.00     0.00   | 0.0%     100.0%   50.0%    93.3%   
    car          | 825     521   | 72.4%    93.5%    59.0%  | 0.45     0.41     0.04   | 59.0%    98.3%    78.7%    86.7%   
    people tal.. | 1521    296   | 25.4%    78.0%    15.2%  | 0.89     0.85     0.04   | 15.2%    94.9%    55.1%    51.6%   
    footsteps    | 328     2     | 0.0%     0.0%     0.0%   | 1.01     1.00     0.01   | 0.0%     99.9%    50.0%    88.2%   
    children v.. | 26      0     | nan%     nan%     0.0%   | 1.00     1.00     0.00   | 0.0%     100.0%   50.0%    99.1%   
    wind_blowing | 0       0     | nan%     nan%     nan%   | 0.00     0.00     0.00   | 0.0%     100.0%   50.0%    100.0%  
    brakes_squ.. | 26      0     | nan%     nan%     0.0%   | 1.00     1.00     0.00   | 0.0%     100.0%   50.0%    99.1%   
    large_vehi.. | 224     242   | 27.5%    26.4%    28.6%  | 1.51     0.71     0.79   | 28.6%    93.1%    60.8%    87.9%   
    cutlery an.. | 74      1     | 0.0%     0.0%     0.0%   | 1.01     1.00     0.01   | 0.0%     100.0%   50.0%    97.3%   
    metro appr.. | 108     0     | nan%     nan%     0.0%   | 1.00     1.00     0.00   | 0.0%     100.0%   50.0%    96.1%   
    metro leav.. | 78      0     | nan%     nan%     0.0%   | 1.00     1.00     0.00   | 0.0%     100.0%   50.0%    97.2%   

Epoch: 0 - Train loss: 0.084 - Val loss: 0.023 - val F1 35.07 - val ER 0.83 - best epoch 0 F1 35.07
  Class-wise metrics
  ======================================
    Event label  | Nref    Nsys  | F        Pre      Rec    | ER       Del      Ins    | Sens     Spec     Bacc     Acc     
    ------------ | -----   ----- | ------   ------   ------ | ------   ------   ------ | ------   ------   ------   ------  
    birds_sing.. | 188     332   | 46.9%    36.7%    64.9%  | 1.47     0.35     1.12   | 64.9%    92.0%    78.4%    90.1%   
    car          | 825     647   | 81.3%    92.4%    72.5%  | 0.33     0.28     0.06   | 72.5%    97.5%    85.0%    90.1%   
    people tal.. | 1521    493   | 43.7%    89.2%    28.9%  | 0.75     0.71     0.03   | 28.9%    95.9%    62.4%    59.5%   
    footsteps    | 328     0     | nan%     nan%     0.0%   | 1.00     1.00     0.00   | 0.0%     100.0%   50.0%    88.3%   
    children v.. | 26      0     | nan%     nan%     0.0%   | 1.00     1.00     0.00   | 0.0%     100.0%   50.0%    99.1%   
    wind_blowing | 0       0     | nan%     nan%     nan%   | 0.00     0.00     0.00   | 0.0%     100.0%   50.0%    100.0%  
    brakes_squ.. | 26      0     | nan%     nan%     0.0%   | 1.00     1.00     0.00   | 0.0%     100.0%   50.0%    99.1%   
    large_vehi.. | 224     128   | 20.5%    28.1%    16.1%  | 1.25     0.84     0.41   | 16.1%    96.4%    56.2%    90.0%   
    cutlery an.. | 74      0     | nan%     nan%     0.0%   | 1.00     1.00     0.00   | 0.0%     100.0%   50.0%    97.4%   
    metro appr.. | 108     17    | 17.6%    64.7%    10.2%  | 0.95     0.90     0.06   | 10.2%    99.8%    55.0%    96.3%   
    metro leav.. | 78      7     | 0.0%     0.0%     0.0%   | 1.09     1.00     0.09   | 0.0%     99.7%    49.9%    97.0%   

Epoch: 1 - Train loss: 0.053 - Val loss: 0.023 - val F1 48.07 - val ER 0.71 - best epoch 1 F1 48.07
  Class-wise metrics
  ======================================
    Event label  | Nref    Nsys  | F        Pre      Rec    | ER       Del      Ins    | Sens     Spec     Bacc     Acc     
    ------------ | -----   ----- | ------   ------   ------ | ------   ------   ------ | ------   ------   ------   ------  
    birds_sing.. | 188     0     | nan%     nan%     0.0%   | 1.00     1.00     0.00   | 0.0%     100.0%   50.0%    93.3%   
    car          | 825     757   | 84.5%    88.2%    81.0%  | 0.30     0.19     0.11   | 81.0%    95.5%    88.2%    91.2%   
    people tal.. | 1521    952   | 69.0%    89.6%    56.1%  | 0.50     0.44     0.07   | 56.1%    92.2%    74.1%    72.5%   
    footsteps    | 328     0     | nan%     nan%     0.0%   | 1.00     1.00     0.00   | 0.0%     100.0%   50.0%    88.3%   
    children v.. | 26      0     | nan%     nan%     0.0%   | 1.00     1.00     0.00   | 0.0%     100.0%   50.0%    99.1%   
    wind_blowing | 0       0     | nan%     nan%     nan%   | 0.00     0.00     0.00   | 0.0%     100.0%   50.0%    100.0%  
    brakes_squ.. | 26      0     | nan%     nan%     0.0%   | 1.00     1.00     0.00   | 0.0%     100.0%   50.0%    99.1%   
    large_vehi.. | 224     66    | 13.1%    28.8%    8.5%   | 1.12     0.92     0.21   | 8.5%     98.2%    53.3%    91.0%   
    cutlery an.. | 74      0     | nan%     nan%     0.0%   | 1.00     1.00     0.00   | 0.0%     100.0%   50.0%    97.3%   
    metro appr.. | 108     3     | 5.4%     100.0%   2.8%   | 0.97     0.97     0.00   | 2.8%     100.0%   51.4%    96.2%   
    metro leav.. | 78      0     | nan%     nan%     0.0%   | 1.00     1.00     0.00   | 0.0%     100.0%   50.0%    97.2%   

Epoch: 2 - Train loss: 0.042 - Val loss: 0.017 - val F1 59.62 - val ER 0.586 - best epoch 2 F1 59.62
  Class-wise metrics
  ======================================
    Event label  | Nref    Nsys  | F        Pre      Rec    | ER       Del      Ins    | Sens     Spec     Bacc     Acc     
    ------------ | -----   ----- | ------   ------   ------ | ------   ------   ------ | ------   ------   ------   ------  
    birds_sing.. | 188     1     | 0.0%     0.0%     0.0%   | 1.01     1.00     0.01   | 0.0%     100.0%   50.0%    93.2%   
    car          | 825     861   | 83.5%    81.8%    85.3%  | 0.34     0.15     0.19   | 85.3%    92.1%    88.7%    90.1%   
    people tal.. | 1521    1134  | 75.8%    88.7%    66.1%  | 0.42     0.34     0.08   | 66.1%    90.0%    78.1%    77.0%   
    footsteps    | 328     0     | nan%     nan%     0.0%   | 1.00     1.00     0.00   | 0.0%     100.0%   50.0%    88.3%   
    children v.. | 26      0     | nan%     nan%     0.0%   | 1.00     1.00     0.00   | 0.0%     100.0%   50.0%    99.1%   
    wind_blowing | 0       0     | nan%     nan%     nan%   | 0.00     0.00     0.00   | 0.0%     100.0%   50.0%    100.0%  
    brakes_squ.. | 26      0     | nan%     nan%     0.0%   | 1.00     1.00     0.00   | 0.0%     100.0%   50.0%    99.1%   
    large_vehi.. | 224     24    | 4.8%     25.0%    2.7%   | 1.05     0.97     0.08   | 2.7%     99.3%    51.0%    91.6%   
    cutlery an.. | 74      0     | nan%     nan%     0.0%   | 1.00     1.00     0.00   | 0.0%     100.0%   50.0%    97.4%   
    metro appr.. | 108     28    | 22.1%    53.6%    13.9%  | 0.98     0.86     0.12   | 13.9%    99.5%    56.7%    96.2%   
    metro leav.. | 78      5     | 0.0%     0.0%     0.0%   | 1.06     1.00     0.06   | 0.0%     99.8%    49.9%    97.0%   

Epoch: 3 - Train loss: 0.036 - Val loss: 0.017 - val F1 63.51 - val ER 0.539 - best epoch 3 F1 63.51
Epoch: 4 - Train loss: 0.032 - Val loss: 0.02 - val F1 60.26 - val ER 0.635 - best epoch 3 F1 63.51
  Class-wise metrics
  ======================================
    Event label  | Nref    Nsys  | F        Pre      Rec    | ER       Del      Ins    | Sens     Spec     Bacc     Acc     
    ------------ | -----   ----- | ------   ------   ------ | ------   ------   ------ | ------   ------   ------   ------  
    birds_sing.. | 188     14    | 11.9%    85.7%    6.4%   | 0.95     0.94     0.01   | 6.4%     99.9%    53.2%    93.6%   
    car          | 825     851   | 87.5%    86.1%    88.8%  | 0.25     0.11     0.14   | 88.8%    94.0%    91.4%    92.5%   
    people tal.. | 1521    933   | 69.4%    91.3%    56.0%  | 0.49     0.44     0.05   | 56.0%    93.7%    74.8%    73.2%   
    footsteps    | 328     0     | nan%     nan%     0.0%   | 1.00     1.00     0.00   | 0.0%     100.0%   50.0%    88.3%   
    children v.. | 26      0     | nan%     nan%     0.0%   | 1.00     1.00     0.00   | 0.0%     100.0%   50.0%    99.1%   
    wind_blowing | 0       0     | nan%     nan%     nan%   | 0.00     0.00     0.00   | 0.0%     100.0%   50.0%    100.0%  
    brakes_squ.. | 26      0     | nan%     nan%     0.0%   | 1.00     1.00     0.00   | 0.0%     100.0%   50.0%    99.1%   
    large_vehi.. | 224     19    | 4.1%     26.3%    2.2%   | 1.04     0.98     0.06   | 2.2%     99.5%    50.8%    91.7%   
    cutlery an.. | 74      0     | nan%     nan%     0.0%   | 1.00     1.00     0.00   | 0.0%     100.0%   50.0%    97.4%   
    metro appr.. | 108     26    | 22.4%    57.7%    13.9%  | 0.96     0.86     0.10   | 13.9%    99.6%    56.7%    96.3%   
    metro leav.. | 78      1     | 0.0%     0.0%     0.0%   | 1.01     1.00     0.01   | 0.0%     100.0%   50.0%    97.2%   

Epoch: 5 - Train loss: 0.029 - Val loss: 0.016 - val F1 61.69 - val ER 0.551 - best epoch 5 F1 61.69
Epoch: 6 - Train loss: 0.027 - Val loss: 0.016 - val F1 62.51 - val ER 0.556 - best epoch 5 F1 61.69
Epoch: 7 - Train loss: 0.025 - Val loss: 0.02 - val F1 57.96 - val ER 0.63 - best epoch 5 F1 61.69
Epoch: 8 - Train loss: 0.024 - Val loss: 0.016 - val F1 66.87 - val ER 0.51 - best epoch 5 F1 61.69
  Class-wise metrics
  ======================================
    Event label  | Nref    Nsys  | F        Pre      Rec    | ER       Del      Ins    | Sens     Spec     Bacc     Acc     
    ------------ | -----   ----- | ------   ------   ------ | ------   ------   ------ | ------   ------   ------   ------  
    birds_sing.. | 188     133   | 79.1%    95.5%    67.6%  | 0.36     0.32     0.03   | 67.6%    99.8%    83.7%    97.6%   
    car          | 825     963   | 81.3%    75.5%    88.1%  | 0.40     0.12     0.29   | 88.1%    88.1%    88.1%    88.1%   
    people tal.. | 1521    1201  | 79.3%    89.8%    70.9%  | 0.37     0.29     0.08   | 70.9%    90.5%    80.7%    79.9%   
    footsteps    | 328     7     | 3.6%     85.7%    1.8%   | 0.98     0.98     0.00   | 1.8%     100.0%   50.9%    88.5%   
    children v.. | 26      0     | nan%     nan%     0.0%   | 1.00     1.00     0.00   | 0.0%     100.0%   50.0%    99.1%   
    wind_blowing | 0       0     | nan%     nan%     nan%   | 0.00     0.00     0.00   | 0.0%     100.0%   50.0%    100.0%  
    brakes_squ.. | 26      0     | nan%     nan%     0.0%   | 1.00     1.00     0.00   | 0.0%     100.0%   50.0%    99.1%   
    large_vehi.. | 224     48    | 25.0%    70.8%    15.2%  | 0.91     0.85     0.06   | 15.2%    99.5%    57.3%    92.7%   
    cutlery an.. | 74      0     | nan%     nan%     0.0%   | 1.00     1.00     0.00   | 0.0%     100.0%   50.0%    97.4%   
    metro appr.. | 108     13    | 21.5%    100.0%   12.0%  | 0.88     0.88     0.00   | 12.0%    100.0%   56.0%    96.6%   
    metro leav.. | 78      0     | nan%     nan%     0.0%   | 1.00     1.00     0.00   | 0.0%     100.0%   50.0%    97.2%   

Epoch: 9 - Train loss: 0.023 - Val loss: 0.014 - val F1 68.92 - val ER 0.478 - best epoch 9 F1 68.92
Epoch: 10 - Train loss: 0.022 - Val loss: 0.02 - val F1 61.14 - val ER 0.6 - best epoch 9 F1 68.92
Epoch: 11 - Train loss: 0.021 - Val loss: 0.021 - val F1 54.22 - val ER 0.677 - best epoch 9 F1 68.92
Epoch: 12 - Train loss: 0.02 - Val loss: 0.015 - val F1 68.11 - val ER 0.513 - best epoch 9 F1 68.92
Epoch: 13 - Train loss: 0.02 - Val loss: 0.016 - val F1 69.49 - val ER 0.508 - best epoch 9 F1 68.92
Epoch: 14 - Train loss: 0.019 - Val loss: 0.015 - val F1 69.32 - val ER 0.504 - best epoch 9 F1 68.92
Epoch: 15 - Train loss: 0.018 - Val loss: 0.015 - val F1 69.62 - val ER 0.499 - best epoch 9 F1 68.92
  Class-wise metrics
  ======================================
    Event label  | Nref    Nsys  | F        Pre      Rec    | ER       Del      Ins    | Sens     Spec     Bacc     Acc     
    ------------ | -----   ----- | ------   ------   ------ | ------   ------   ------ | ------   ------   ------   ------  
    birds_sing.. | 188     118   | 76.5%    99.2%    62.2%  | 0.38     0.38     0.01   | 62.2%    100.0%   81.1%    97.4%   
    car          | 825     967   | 79.4%    73.5%    86.2%  | 0.45     0.14     0.31   | 86.2%    87.0%    86.6%    86.8%   
    people tal.. | 1521    1254  | 79.6%    88.0%    72.6%  | 0.37     0.27     0.10   | 72.6%    88.3%    80.4%    79.8%   
    footsteps    | 328     100   | 29.9%    64.0%    19.5%  | 0.91     0.80     0.11   | 19.5%    98.5%    59.0%    89.3%   
    children v.. | 26      0     | nan%     nan%     0.0%   | 1.00     1.00     0.00   | 0.0%     100.0%   50.0%    99.1%   
    wind_blowing | 0       0     | nan%     nan%     nan%   | 0.00     0.00     0.00   | 0.0%     100.0%   50.0%    100.0%  
    brakes_squ.. | 26      0     | nan%     nan%     0.0%   | 1.00     1.00     0.00   | 0.0%     100.0%   50.0%    99.1%   
    large_vehi.. | 224     79    | 38.3%    73.4%    25.9%  | 0.83     0.74     0.09   | 25.9%    99.2%    62.5%    93.3%   
    cutlery an.. | 74      0     | nan%     nan%     0.0%   | 1.00     1.00     0.00   | 0.0%     100.0%   50.0%    97.4%   
    metro appr.. | 108     63    | 39.8%    54.0%    31.5%  | 0.95     0.69     0.27   | 31.5%    98.9%    65.2%    96.3%   
    metro leav.. | 78      11    | 15.7%    63.6%    9.0%   | 0.96     0.91     0.05   | 9.0%     99.9%    54.4%    97.3%   

Epoch: 16 - Train loss: 0.018 - Val loss: 0.013 - val F1 69.95 - val ER 0.481 - best epoch 16 F1 69.95
Epoch: 17 - Train loss: 0.017 - Val loss: 0.015 - val F1 68.9 - val ER 0.512 - best epoch 16 F1 69.95
Epoch: 18 - Train loss: 0.017 - Val loss: 0.017 - val F1 66.11 - val ER 0.529 - best epoch 16 F1 69.95
Epoch: 19 - Train loss: 0.016 - Val loss: 0.018 - val F1 61.18 - val ER 0.595 - best epoch 16 F1 69.95
Epoch: 20 - Train loss: 0.016 - Val loss: 0.017 - val F1 62.65 - val ER 0.584 - best epoch 16 F1 69.95
Epoch: 21 - Train loss: 0.016 - Val loss: 0.014 - val F1 71.84 - val ER 0.477 - best epoch 16 F1 69.95
Epoch: 22 - Train loss: 0.015 - Val loss: 0.014 - val F1 68.23 - val ER 0.494 - best epoch 16 F1 69.95
Epoch: 23 - Train loss: 0.015 - Val loss: 0.017 - val F1 65.52 - val ER 0.554 - best epoch 16 F1 69.95
Epoch: 24 - Train loss: 0.015 - Val loss: 0.015 - val F1 67.67 - val ER 0.502 - best epoch 16 F1 69.95
  Class-wise metrics
  ======================================
    Event label  | Nref    Nsys  | F        Pre      Rec    | ER       Del      Ins    | Sens     Spec     Bacc     Acc     
    ------------ | -----   ----- | ------   ------   ------ | ------   ------   ------ | ------   ------   ------   ------  
    birds_sing.. | 188     198   | 95.3%    92.9%    97.9%  | 0.10     0.02     0.07   | 97.9%    99.5%    98.7%    99.4%   
    car          | 825     887   | 84.2%    81.3%    87.4%  | 0.33     0.13     0.20   | 87.4%    91.6%    89.5%    90.4%   
    people tal.. | 1521    1605  | 86.6%    84.3%    89.0%  | 0.28     0.11     0.17   | 89.0%    80.3%    84.6%    85.0%   
    footsteps    | 328     64    | 28.1%    85.9%    16.8%  | 0.86     0.83     0.03   | 16.8%    99.6%    58.2%    89.9%   
    children v.. | 26      0     | nan%     nan%     0.0%   | 1.00     1.00     0.00   | 0.0%     100.0%   50.0%    99.1%   
    wind_blowing | 0       0     | nan%     nan%     nan%   | 0.00     0.00     0.00   | 0.0%     100.0%   50.0%    100.0%  
    brakes_squ.. | 26      0     | nan%     nan%     0.0%   | 1.00     1.00     0.00   | 0.0%     100.0%   50.0%    99.1%   
    large_vehi.. | 224     3     | 2.6%     100.0%   1.3%   | 0.99     0.99     0.00   | 1.3%     100.0%   50.7%    92.1%   
    cutlery an.. | 74      0     | nan%     nan%     0.0%   | 1.00     1.00     0.00   | 0.0%     100.0%   50.0%    97.4%   
    metro appr.. | 108     51    | 41.5%    64.7%    30.6%  | 0.86     0.69     0.17   | 30.6%    99.3%    64.9%    96.7%   
    metro leav.. | 78      7     | 9.4%     57.1%    5.1%   | 0.99     0.95     0.04   | 5.1%     99.9%    52.5%    97.2%   

Epoch: 25 - Train loss: 0.015 - Val loss: 0.013 - val F1 75.74 - val ER 0.403 - best epoch 25 F1 75.74
  Class-wise metrics
  ======================================
    Event label  | Nref    Nsys  | F        Pre      Rec    | ER       Del      Ins    | Sens     Spec     Bacc     Acc     
    ------------ | -----   ----- | ------   ------   ------ | ------   ------   ------ | ------   ------   ------   ------  
    birds_sing.. | 188     175   | 90.4%    93.7%    87.2%  | 0.19     0.13     0.06   | 87.2%    99.6%    93.4%    98.7%   
    car          | 825     930   | 80.5%    75.9%    85.6%  | 0.42     0.14     0.27   | 85.6%    88.6%    87.1%    87.7%   
    people tal.. | 1521    1167  | 77.7%    89.5%    68.6%  | 0.39     0.31     0.08   | 68.6%    90.3%    79.5%    78.5%   
    footsteps    | 328     144   | 38.6%    63.2%    27.7%  | 0.88     0.72     0.16   | 27.7%    97.8%    62.8%    89.6%   
    children v.. | 26      0     | nan%     nan%     0.0%   | 1.00     1.00     0.00   | 0.0%     100.0%   50.0%    99.1%   
    wind_blowing | 0       0     | nan%     nan%     nan%   | 0.00     0.00     0.00   | 0.0%     100.0%   50.0%    100.0%  
    brakes_squ.. | 26      0     | nan%     nan%     0.0%   | 1.00     1.00     0.00   | 0.0%     100.0%   50.0%    99.1%   
    large_vehi.. | 224     11    | 5.1%     54.5%    2.7%   | 1.00     0.97     0.02   | 2.7%     99.8%    51.2%    92.0%   
    cutlery an.. | 74      0     | nan%     nan%     0.0%   | 1.00     1.00     0.00   | 0.0%     100.0%   50.0%    97.3%   
    metro appr.. | 108     36    | 30.6%    61.1%    20.4%  | 0.93     0.80     0.13   | 20.4%    99.5%    59.9%    96.4%   
    metro leav.. | 78      0     | nan%     nan%     0.0%   | 1.00     1.00     0.00   | 0.0%     100.0%   50.0%    97.2%   

Epoch: 26 - Train loss: 0.014 - Val loss: 0.012 - val F1 69.37 - val ER 0.493 - best epoch 26 F1 69.37
Epoch: 27 - Train loss: 0.014 - Val loss: 0.015 - val F1 67.31 - val ER 0.537 - best epoch 26 F1 69.37
Epoch: 28 - Train loss: 0.014 - Val loss: 0.013 - val F1 70.26 - val ER 0.49 - best epoch 26 F1 69.37
Epoch: 29 - Train loss: 0.013 - Val loss: 0.016 - val F1 65.46 - val ER 0.576 - best epoch 26 F1 69.37
Epoch: 30 - Train loss: 0.013 - Val loss: 0.014 - val F1 72.4 - val ER 0.467 - best epoch 26 F1 69.37
Epoch: 31 - Train loss: 0.013 - Val loss: 0.014 - val F1 73.65 - val ER 0.449 - best epoch 26 F1 69.37
Epoch: 32 - Train loss: 0.013 - Val loss: 0.014 - val F1 73.11 - val ER 0.459 - best epoch 26 F1 69.37
Epoch: 33 - Train loss: 0.013 - Val loss: 0.013 - val F1 74.37 - val ER 0.441 - best epoch 26 F1 69.37
Epoch: 34 - Train loss: 0.012 - Val loss: 0.014 - val F1 72.01 - val ER 0.465 - best epoch 26 F1 69.37
Epoch: 35 - Train loss: 0.012 - Val loss: 0.015 - val F1 71.02 - val ER 0.474 - best epoch 26 F1 69.37
Epoch: 36 - Train loss: 0.012 - Val loss: 0.016 - val F1 64.55 - val ER 0.558 - best epoch 26 F1 69.37
Epoch: 37 - Train loss: 0.012 - Val loss: 0.013 - val F1 71.83 - val ER 0.465 - best epoch 26 F1 69.37
Epoch: 38 - Train loss: 0.012 - Val loss: 0.015 - val F1 67.19 - val ER 0.542 - best epoch 26 F1 69.37
Epoch: 39 - Train loss: 0.012 - Val loss: 0.016 - val F1 66.71 - val ER 0.532 - best epoch 26 F1 69.37
Epoch: 40 - Train loss: 0.011 - Val loss: 0.015 - val F1 69.37 - val ER 0.504 - best epoch 26 F1 69.37
Epoch: 41 - Train loss: 0.011 - Val loss: 0.015 - val F1 71.24 - val ER 0.477 - best epoch 26 F1 69.37
Epoch: 42 - Train loss: 0.011 - Val loss: 0.013 - val F1 74.24 - val ER 0.441 - best epoch 26 F1 69.37
  Class-wise metrics
  ======================================
    Event label  | Nref    Nsys  | F        Pre      Rec    | ER       Del      Ins    | Sens     Spec     Bacc     Acc     
    ------------ | -----   ----- | ------   ------   ------ | ------   ------   ------ | ------   ------   ------   ------  
    birds_sing.. | 188     180   | 90.2%    92.2%    88.3%  | 0.19     0.12     0.07   | 88.3%    99.5%    93.9%    98.7%   
    car          | 825     913   | 78.8%    75.0%    83.0%  | 0.45     0.17     0.28   | 83.0%    88.5%    85.7%    86.9%   
    people tal.. | 1521    1236  | 79.9%    89.2%    72.5%  | 0.36     0.28     0.09   | 72.5%    89.5%    81.0%    80.2%   
    footsteps    | 328     109   | 36.6%    73.4%    24.4%  | 0.84     0.76     0.09   | 24.4%    98.8%    61.6%    90.1%   
    children v.. | 26      0     | nan%     nan%     0.0%   | 1.00     1.00     0.00   | 0.0%     100.0%   50.0%    99.1%   
    wind_blowing | 0       0     | nan%     nan%     nan%   | 0.00     0.00     0.00   | 0.0%     100.0%   50.0%    100.0%  
    brakes_squ.. | 26      0     | nan%     nan%     0.0%   | 1.00     1.00     0.00   | 0.0%     100.0%   50.0%    99.1%   
    large_vehi.. | 224     72    | 23.0%    47.2%    15.2%  | 1.02     0.85     0.17   | 15.2%    98.5%    56.9%    91.9%   
    cutlery an.. | 74      1     | 0.0%     0.0%     0.0%   | 1.01     1.00     0.01   | 0.0%     100.0%   50.0%    97.3%   
    metro appr.. | 108     46    | 37.7%    63.0%    26.9%  | 0.89     0.73     0.16   | 26.9%    99.4%    63.1%    96.6%   
    metro leav.. | 78      35    | 35.4%    57.1%    25.6%  | 0.94     0.74     0.19   | 25.6%    99.4%    62.5%    97.4%   

Epoch: 43 - Train loss: 0.011 - Val loss: 0.012 - val F1 70.65 - val ER 0.484 - best epoch 43 F1 70.65
Epoch: 44 - Train loss: 0.011 - Val loss: 0.014 - val F1 69.66 - val ER 0.5 - best epoch 43 F1 70.65
Epoch: 45 - Train loss: 0.011 - Val loss: 0.014 - val F1 68.65 - val ER 0.525 - best epoch 43 F1 70.65
Epoch: 46 - Train loss: 0.011 - Val loss: 0.015 - val F1 70.58 - val ER 0.497 - best epoch 43 F1 70.65
Epoch: 47 - Train loss: 0.011 - Val loss: 0.013 - val F1 72.23 - val ER 0.469 - best epoch 43 F1 70.65
Epoch: 48 - Train loss: 0.01 - Val loss: 0.013 - val F1 72.53 - val ER 0.465 - best epoch 43 F1 70.65
Epoch: 49 - Train loss: 0.01 - Val loss: 0.014 - val F1 73.52 - val ER 0.458 - best epoch 43 F1 70.65
Epoch: 50 - Train loss: 0.01 - Val loss: 0.014 - val F1 71.55 - val ER 0.484 - best epoch 43 F1 70.65
Epoch: 51 - Train loss: 0.01 - Val loss: 0.016 - val F1 71.45 - val ER 0.491 - best epoch 43 F1 70.65
Epoch: 52 - Train loss: 0.01 - Val loss: 0.012 - val F1 73.96 - val ER 0.451 - best epoch 43 F1 70.65
Epoch: 53 - Train loss: 0.01 - Val loss: 0.013 - val F1 72.43 - val ER 0.472 - best epoch 43 F1 70.65
Epoch: 54 - Train loss: 0.01 - Val loss: 0.013 - val F1 74.06 - val ER 0.454 - best epoch 43 F1 70.65
Epoch: 55 - Train loss: 0.01 - Val loss: 0.013 - val F1 73.32 - val ER 0.454 - best epoch 43 F1 70.65
Epoch: 56 - Train loss: 0.01 - Val loss: 0.014 - val F1 72.1 - val ER 0.477 - best epoch 43 F1 70.65
Epoch: 57 - Train loss: 0.009 - Val loss: 0.015 - val F1 70.04 - val ER 0.501 - best epoch 43 F1 70.65
Epoch: 58 - Train loss: 0.009 - Val loss: 0.015 - val F1 69.78 - val ER 0.5 - best epoch 43 F1 70.65
Epoch: 59 - Train loss: 0.009 - Val loss: 0.013 - val F1 70.38 - val ER 0.496 - best epoch 43 F1 70.65
Epoch: 60 - Train loss: 0.009 - Val loss: 0.014 - val F1 69.8 - val ER 0.497 - best epoch 43 F1 70.65
Epoch: 61 - Train loss: 0.009 - Val loss: 0.016 - val F1 67.5 - val ER 0.53 - best epoch 43 F1 70.65
Epoch: 62 - Train loss: 0.009 - Val loss: 0.015 - val F1 70.47 - val ER 0.486 - best epoch 43 F1 70.65
Epoch: 63 - Train loss: 0.009 - Val loss: 0.015 - val F1 69.7 - val ER 0.503 - best epoch 43 F1 70.65
Epoch: 64 - Train loss: 0.009 - Val loss: 0.015 - val F1 68.13 - val ER 0.504 - best epoch 43 F1 70.65
Epoch: 65 - Train loss: 0.009 - Val loss: 0.014 - val F1 71.57 - val ER 0.486 - best epoch 43 F1 70.65
  Class-wise metrics
  ======================================
    Event label  | Nref    Nsys  | F        Pre      Rec    | ER       Del      Ins    | Sens     Spec     Bacc     Acc     
    ------------ | -----   ----- | ------   ------   ------ | ------   ------   ------ | ------   ------   ------   ------  
    birds_sing.. | 188     187   | 92.3%    92.5%    92.0%  | 0.15     0.08     0.07   | 92.0%    99.5%    95.7%    99.0%   
    car          | 825     784   | 88.3%    90.6%    86.1%  | 0.23     0.14     0.09   | 86.1%    96.2%    91.1%    93.2%   
    people tal.. | 1521    1322  | 82.5%    88.7%    77.1%  | 0.33     0.23     0.10   | 77.1%    88.2%    82.7%    82.2%   
    footsteps    | 328     152   | 42.5%    67.1%    31.1%  | 0.84     0.69     0.15   | 31.1%    98.0%    64.5%    90.1%   
    children v.. | 26      0     | nan%     nan%     0.0%   | 1.00     1.00     0.00   | 0.0%     100.0%   50.0%    99.1%   
    wind_blowing | 0       0     | nan%     nan%     nan%   | 0.00     0.00     0.00   | 0.0%     100.0%   50.0%    100.0%  
    brakes_squ.. | 26      0     | nan%     nan%     0.0%   | 1.00     1.00     0.00   | 0.0%     100.0%   50.0%    99.1%   
    large_vehi.. | 224     32    | 7.8%     31.2%    4.5%   | 1.05     0.96     0.10   | 4.5%     99.1%    51.8%    91.5%   
    cutlery an.. | 74      0     | nan%     nan%     0.0%   | 1.00     1.00     0.00   | 0.0%     100.0%   50.0%    97.3%   
    metro appr.. | 108     59    | 39.5%    55.9%    30.6%  | 0.94     0.69     0.24   | 30.6%    99.0%    64.8%    96.4%   
    metro leav.. | 78      18    | 18.8%    50.0%    11.5%  | 1.00     0.88     0.12   | 11.5%    99.7%    55.6%    97.2%   

Epoch: 66 - Train loss: 0.009 - Val loss: 0.011 - val F1 74.26 - val ER 0.416 - best epoch 66 F1 74.26
Epoch: 67 - Train loss: 0.009 - Val loss: 0.013 - val F1 69.9 - val ER 0.483 - best epoch 66 F1 74.26
Epoch: 68 - Train loss: 0.009 - Val loss: 0.013 - val F1 69.14 - val ER 0.503 - best epoch 66 F1 74.26
Epoch: 69 - Train loss: 0.009 - Val loss: 0.016 - val F1 70.85 - val ER 0.498 - best epoch 66 F1 74.26
Epoch: 70 - Train loss: 0.008 - Val loss: 0.014 - val F1 69.22 - val ER 0.51 - best epoch 66 F1 74.26
Epoch: 71 - Train loss: 0.008 - Val loss: 0.013 - val F1 70.2 - val ER 0.495 - best epoch 66 F1 74.26
Epoch: 72 - Train loss: 0.008 - Val loss: 0.013 - val F1 73.54 - val ER 0.441 - best epoch 66 F1 74.26
